<?xml version="1.0" encoding="UTF-8" ?>
<testsuite tests="9" failures="1" name="TestSuite" time="16.944" errors="0" skipped="0">
  <properties>
    <property name="java.runtime.name" value="Java(TM) SE Runtime Environment"/>
    <property name="sun.boot.library.path" value="C:\Java\jdk1.8.0_121\jre\bin"/>
    <property name="java.vm.version" value="25.121-b13"/>
    <property name="java.vm.vendor" value="Oracle Corporation"/>
    <property name="maven.multiModuleProjectDirectory" value="D:\NewEclips\workspace\Delivery_Management"/>
    <property name="java.vendor.url" value="http://java.oracle.com/"/>
    <property name="path.separator" value=";"/>
    <property name="guice.disable.misplaced.annotation.check" value="true"/>
    <property name="java.vm.name" value="Java HotSpot(TM) 64-Bit Server VM"/>
    <property name="file.encoding.pkg" value="sun.io"/>
    <property name="user.script" value=""/>
    <property name="user.country" value="IN"/>
    <property name="sun.java.launcher" value="SUN_STANDARD"/>
    <property name="sun.os.patch.level" value=""/>
    <property name="java.vm.specification.name" value="Java Virtual Machine Specification"/>
    <property name="user.dir" value="D:\NewEclips\workspace\Delivery_Management"/>
    <property name="java.runtime.version" value="1.8.0_121-b13"/>
    <property name="java.awt.graphicsenv" value="sun.awt.Win32GraphicsEnvironment"/>
    <property name="java.endorsed.dirs" value="C:\Java\jdk1.8.0_121\jre\lib\endorsed"/>
    <property name="os.arch" value="amd64"/>
    <property name="java.io.tmpdir" value="C:\Users\TECHPR~1\AppData\Local\Temp\"/>
    <property name="line.separator" value="
"/>
    <property name="java.vm.specification.vendor" value="Oracle Corporation"/>
    <property name="user.variant" value=""/>
    <property name="os.name" value="Windows 8.1"/>
    <property name="classworlds.conf" value="D:\NewEclips\workspace\.metadata\.plugins\org.eclipse.m2e.launching\launches\m2conf7577117086930000272.tmp"/>
    <property name="sun.jnu.encoding" value="Cp1252"/>
    <property name="java.library.path" value="C:\Java\jdk1.8.0_121\bin;C:\Windows\Sun\Java\bin;C:\Windows\system32;C:\Windows;C:/Java/jdk1.8.0_121/bin/../jre/bin/server;C:/Java/jdk1.8.0_121/bin/../jre/bin;C:/Java/jdk1.8.0_121/bin/../jre/lib/amd64;C:\Java\jdk1.8.0_121\bin;C:\Program Files (x86)\Skype\Phone\;C:\Program Files\Microsoft SQL Server\110\Tools\Binn\;C:\Program Files (x86)\Microsoft SQL Server\110\Tools\Binn\;C:\Program Files\Microsoft SQL Server\110\DTS\Binn\;C:\Program Files (x86)\Microsoft SQL Server\110\Tools\Binn\ManagementStudio\;C:\Program Files (x86)\Microsoft SQL Server\110\DTS\Binn\;C:\apache-maven-3.5.0\bin;C:\Program Files\nodejs\;C:\Program Files\dotnet\;C:\Program Files\Git\cmd;C:\Program Files\TortoiseSVN\bin;C:\Drivers\android-sdk\platform-tools;C:\Java\jdk1.8.0_121\bin;C:\Program Files (x86)\Microsoft VS Code\bin;C:\Apache Software Foundation\apache-maven-3.5.0\bin;C:\Users\TechproL-6\AppData\Roaming\npm;C:\Windows\system32;C:\Users\TechproL-6\AppData\Local\Programs\Fiddler;C:\Users\TechproL-6\AppData\Local\GitHubDesktop\GitHubDesktop.exe;C:\Users\TechproL-6\AppData\Local\GitHubDesktop\bin;D:\eclipse-jee-oxygen-3a-win32-x86_64\eclipse;;."/>
    <property name="java.specification.name" value="Java Platform API Specification"/>
    <property name="java.class.version" value="52.0"/>
    <property name="sun.management.compiler" value="HotSpot 64-Bit Tiered Compilers"/>
    <property name="os.version" value="6.3"/>
    <property name="user.home" value="C:\Users\TechproL-6"/>
    <property name="user.timezone" value="Asia/Calcutta"/>
    <property name="java.awt.printerjob" value="sun.awt.windows.WPrinterJob"/>
    <property name="java.specification.version" value="1.8"/>
    <property name="file.encoding" value="Cp1252"/>
    <property name="user.name" value="TechproL-6"/>
    <property name="java.class.path" value="D:\eclipse-jee-oxygen-3a-win32-x86_64\eclipse\plugins\org.eclipse.m2e.maven.runtime_1.8.3.20180227-2135\jars\plexus-classworlds-2.5.2.jar"/>
    <property name="java.vm.specification.version" value="1.8"/>
    <property name="sun.arch.data.model" value="64"/>
    <property name="java.home" value="C:\Java\jdk1.8.0_121\jre"/>
    <property name="sun.java.command" value="org.codehaus.plexus.classworlds.launcher.Launcher -B test"/>
    <property name="java.specification.vendor" value="Oracle Corporation"/>
    <property name="user.language" value="en"/>
    <property name="awt.toolkit" value="sun.awt.windows.WToolkit"/>
    <property name="java.vm.info" value="mixed mode"/>
    <property name="java.version" value="1.8.0_121"/>
    <property name="java.ext.dirs" value="C:\Java\jdk1.8.0_121\jre\lib\ext;C:\Windows\Sun\Java\lib\ext"/>
    <property name="sun.boot.class.path" value="C:\Java\jdk1.8.0_121\jre\lib\resources.jar;C:\Java\jdk1.8.0_121\jre\lib\rt.jar;C:\Java\jdk1.8.0_121\jre\lib\sunrsasign.jar;C:\Java\jdk1.8.0_121\jre\lib\jsse.jar;C:\Java\jdk1.8.0_121\jre\lib\jce.jar;C:\Java\jdk1.8.0_121\jre\lib\charsets.jar;C:\Java\jdk1.8.0_121\jre\lib\jfr.jar;C:\Java\jdk1.8.0_121\jre\classes"/>
    <property name="java.vendor" value="Oracle Corporation"/>
    <property name="maven.home" value="D:\NewEclips\workspace\Delivery_Management\EMBEDDED"/>
    <property name="file.separator" value="\"/>
    <property name="java.vendor.url.bug" value="http://bugreport.sun.com/bugreport/"/>
    <property name="sun.cpu.endian" value="little"/>
    <property name="sun.io.unicode.encoding" value="UnicodeLittle"/>
    <property name="sun.desktop" value="windows"/>
    <property name="sun.cpu.isalist" value="amd64"/>
  </properties>
  <testcase classname="TestCases.HomePageTestCase" name="verifyHomePageTitleTest" time="0.034"/>
  <testcase classname="TestCases.HomePageTestCase" name="verifyCreateItemLinkTest" time="2.738"/>
  <testcase classname="TestCases.ItemPageTest" name="verifyItemsPage" time="1.222">
    <failure message="The element reference of &lt;a class=&quot;c-btn c-btn--success wt-100 rd-1&quot;&gt; stale: either the element is no longer attached to the DOM or the page has been refreshed
For documentation on this error, please visit: http://seleniumhq.org/exceptions/stale_element_reference.html
Build info: version: &apos;3.9.1&apos;, revision: &apos;63f7b50&apos;, time: &apos;2018-02-07T22:25:02.294Z&apos;
System info: host: &apos;TECHPRO&apos;, ip: &apos;192.168.180.1&apos;, os.name: &apos;Windows 8.1&apos;, os.arch: &apos;amd64&apos;, os.version: &apos;6.3&apos;, java.version: &apos;1.8.0_121&apos;
Driver info: org.openqa.selenium.firefox.FirefoxDriver
Capabilities {acceptInsecureCerts: true, browserName: firefox, browserVersion: 54.0.1, javascriptEnabled: true, moz:accessibilityChecks: false, moz:processID: 6316, moz:profile: C:\Users\TECHPR~1\AppData\L..., pageLoadStrategy: normal, platform: XP, platformName: XP, platformVersion: 6.3, rotatable: false, specificationLevel: 0, timeouts: {implicit: 0, pageLoad: 300000, script: 30000}}
Session ID: dc51e8ab-3e5c-461b-a157-1370f80acec8" type="org.openqa.selenium.StaleElementReferenceException">org.openqa.selenium.StaleElementReferenceException: The element reference of &lt;a class=&quot;c-btn c-btn--success wt-100 rd-1&quot;&gt; stale: either the element is no longer attached to the DOM or the page has been refreshed
For documentation on this error, please visit: http://seleniumhq.org/exceptions/stale_element_reference.html
Build info: version: &apos;3.9.1&apos;, revision: &apos;63f7b50&apos;, time: &apos;2018-02-07T22:25:02.294Z&apos;
System info: host: &apos;TECHPRO&apos;, ip: &apos;192.168.180.1&apos;, os.name: &apos;Windows 8.1&apos;, os.arch: &apos;amd64&apos;, os.version: &apos;6.3&apos;, java.version: &apos;1.8.0_121&apos;
Driver info: org.openqa.selenium.firefox.FirefoxDriver
Capabilities {acceptInsecureCerts: true, browserName: firefox, browserVersion: 54.0.1, javascriptEnabled: true, moz:accessibilityChecks: false, moz:processID: 6316, moz:profile: C:\Users\TECHPR~1\AppData\L..., pageLoadStrategy: normal, platform: XP, platformName: XP, platformVersion: 6.3, rotatable: false, specificationLevel: 0, timeouts: {implicit: 0, pageLoad: 300000, script: 30000}}
Session ID: dc51e8ab-3e5c-461b-a157-1370f80acec8
	at sun.reflect.NativeConstructorAccessorImpl.newInstance0(Native Method)
	at sun.reflect.NativeConstructorAccessorImpl.newInstance(NativeConstructorAccessorImpl.java:62)
	at sun.reflect.DelegatingConstructorAccessorImpl.newInstance(DelegatingConstructorAccessorImpl.java:45)
	at java.lang.reflect.Constructor.newInstance(Constructor.java:423)
	at org.openqa.selenium.remote.http.W3CHttpResponseCodec.createException(W3CHttpResponseCodec.java:187)
	at org.openqa.selenium.remote.http.W3CHttpResponseCodec.decode(W3CHttpResponseCodec.java:122)
	at org.openqa.selenium.remote.http.W3CHttpResponseCodec.decode(W3CHttpResponseCodec.java:49)
	at org.openqa.selenium.remote.HttpCommandExecutor.execute(HttpCommandExecutor.java:160)
	at org.openqa.selenium.remote.service.DriverCommandExecutor.execute(DriverCommandExecutor.java:83)
	at org.openqa.selenium.remote.RemoteWebDriver.execute(RemoteWebDriver.java:601)
	at org.openqa.selenium.remote.RemoteWebElement.execute(RemoteWebElement.java:279)
	at org.openqa.selenium.remote.RemoteWebElement.click(RemoteWebElement.java:83)
	at sun.reflect.NativeMethodAccessorImpl.invoke0(Native Method)
	at sun.reflect.NativeMethodAccessorImpl.invoke(NativeMethodAccessorImpl.java:62)
	at sun.reflect.DelegatingMethodAccessorImpl.invoke(DelegatingMethodAccessorImpl.java:43)
	at java.lang.reflect.Method.invoke(Method.java:498)
	at org.openqa.selenium.support.events.EventFiringWebDriver$EventFiringWebElement$1.invoke(EventFiringWebDriver.java:375)
	at com.sun.proxy.$Proxy11.click(Unknown Source)
	at org.openqa.selenium.support.events.EventFiringWebDriver$EventFiringWebElement.click(EventFiringWebDriver.java:388)
	at sun.reflect.NativeMethodAccessorImpl.invoke0(Native Method)
	at sun.reflect.NativeMethodAccessorImpl.invoke(NativeMethodAccessorImpl.java:62)
	at sun.reflect.DelegatingMethodAccessorImpl.invoke(DelegatingMethodAccessorImpl.java:43)
	at java.lang.reflect.Method.invoke(Method.java:498)
	at org.openqa.selenium.support.pagefactory.internal.LocatingElementHandler.invoke(LocatingElementHandler.java:51)
	at com.sun.proxy.$Proxy9.click(Unknown Source)
	at pages.HomePage.ClickOnItemsPageLink(HomePage.java:48)
	at TestCases.ItemPageTest.verifyItemsPage(ItemPageTest.java:43)
</failure>
    <system-out>Just before beforeNavigateTo http://dms.trainingncr.info/auth/login
Inside the afterNavigateTo to http://dms.trainingncr.info/auth/login
Enter URL
driver=org.openqa.selenium.support.events.EventFiringWebDriver@52b1beb6
driver=org.openqa.selenium.support.events.EventFiringWebDriver@52b1beb6
driver=org.openqa.selenium.support.events.EventFiringWebDriver@52b1beb6
driver=org.openqa.selenium.support.events.EventFiringWebDriver@52b1beb6
driver=org.openqa.selenium.support.events.EventFiringWebDriver@52b1beb6
driver=org.openqa.selenium.support.events.EventFiringWebDriver@52b1beb6
About to click on the [[FirefoxDriver: firefox on XP (dc51e8ab-3e5c-461b-a157-1370f80acec8)] -&gt; xpath: //button[@id=&apos;login_user&apos;]]
inside method afterClickOn on [[FirefoxDriver: firefox on XP (dc51e8ab-3e5c-461b-a157-1370f80acec8)] -&gt; xpath: //button[@id=&apos;login_user&apos;]]
driver=org.openqa.selenium.support.events.EventFiringWebDriver@52b1beb6
driver=org.openqa.selenium.support.events.EventFiringWebDriver@52b1beb6
About to click on the [[FirefoxDriver: firefox on XP (dc51e8ab-3e5c-461b-a157-1370f80acec8)] -&gt; xpath: //a[contains(text(),&apos;Create Item&apos;)]]
inside method afterClickOn on [[FirefoxDriver: firefox on XP (dc51e8ab-3e5c-461b-a157-1370f80acec8)] -&gt; xpath: //a[contains(text(),&apos;Create Item&apos;)]]
driver=org.openqa.selenium.support.events.EventFiringWebDriver@52b1beb6
driver=org.openqa.selenium.support.events.EventFiringWebDriver@52b1beb6
About to click on the [[FirefoxDriver: firefox on XP (dc51e8ab-3e5c-461b-a157-1370f80acec8)] -&gt; xpath: .//*[@id=&apos;main-content&apos;]/div[1]/div/button]
inside method afterClickOn on [[FirefoxDriver: firefox on XP (dc51e8ab-3e5c-461b-a157-1370f80acec8)] -&gt; xpath: .//*[@id=&apos;main-content&apos;]/div[1]/div/button]
driver=org.openqa.selenium.support.events.EventFiringWebDriver@52b1beb6
driver=org.openqa.selenium.support.events.EventFiringWebDriver@52b1beb6
driver=org.openqa.selenium.support.events.EventFiringWebDriver@52b1beb6
driver=org.openqa.selenium.support.events.EventFiringWebDriver@52b1beb6
driver=org.openqa.selenium.support.events.EventFiringWebDriver@52b1beb6
driver=org.openqa.selenium.support.events.EventFiringWebDriver@52b1beb6
driver=org.openqa.selenium.support.events.EventFiringWebDriver@52b1beb6
driver=org.openqa.selenium.support.events.EventFiringWebDriver@52b1beb6
About to click on the [[FirefoxDriver: firefox on XP (dc51e8ab-3e5c-461b-a157-1370f80acec8)] -&gt; xpath: //button[@id=&apos;create_item&apos;]]
inside method afterClickOn on [[FirefoxDriver: firefox on XP (dc51e8ab-3e5c-461b-a157-1370f80acec8)] -&gt; xpath: //button[@id=&apos;create_item&apos;]]
About to click on the [[FirefoxDriver: firefox on XP (dc51e8ab-3e5c-461b-a157-1370f80acec8)] -&gt; xpath: //a[contains(text(),&apos;Create Item&apos;)]]
Exception occured: org.openqa.selenium.StaleElementReferenceException: The element reference of &lt;a class=&quot;c-btn c-btn--success wt-100 rd-1&quot;&gt; stale: either the element is no longer attached to the DOM or the page has been refreshed
For documentation on this error, please visit: http://seleniumhq.org/exceptions/stale_element_reference.html
Build info: version: &apos;3.9.1&apos;, revision: &apos;63f7b50&apos;, time: &apos;2018-02-07T22:25:02.294Z&apos;
System info: host: &apos;TECHPRO&apos;, ip: &apos;192.168.180.1&apos;, os.name: &apos;Windows 8.1&apos;, os.arch: &apos;amd64&apos;, os.version: &apos;6.3&apos;, java.version: &apos;1.8.0_121&apos;
Driver info: org.openqa.selenium.firefox.FirefoxDriver
Capabilities {acceptInsecureCerts: true, browserName: firefox, browserVersion: 54.0.1, javascriptEnabled: true, moz:accessibilityChecks: false, moz:processID: 6316, moz:profile: C:\Users\TECHPR~1\AppData\L..., pageLoadStrategy: normal, platform: XP, platformName: XP, platformVersion: 6.3, rotatable: false, specificationLevel: 0, timeouts: {implicit: 0, pageLoad: 300000, script: 30000}}
Session ID: dc51e8ab-3e5c-461b-a157-1370f80acec8
</system-out>
    <system-err>1528895744870	Marionette	INFO	New connections will no longer be accepted
1528895745123	geckodriver	INFO	geckodriver 0.18.0
1528895745123	geckodriver	INFO	Listening on 127.0.0.1:33622
1528895745717	geckodriver::marionette	INFO	Starting browser C:\Program Files (x86)\Mozilla Firefox\firefox.exe with args [&quot;-marionette&quot;]
1528895749097	Marionette	INFO	Listening on port 61372
1528895749476	Marionette	WARN	TLS certificate errors will be ignored for this session
Jun 13, 2018 6:45:49 PM org.openqa.selenium.remote.ProtocolHandshake createSession
INFO: Detected dialect: W3C
Jun 13, 2018 6:46:06 PM org.openqa.selenium.remote.ErrorCodes toStatus
INFO: HTTP Status: &apos;400&apos; -&gt; incorrect JSON status mapping for &apos;stale element reference&apos; (404 expected)
</system-err>
  </testcase>
  <testcase classname="TestCases.HomePageTestCase" name="verifyCreateUserLinkTest" time="1.37"/>
  <testcase classname="TestCases.HomePageTestCase" name="verifyCreateRequestLinkTest" time="0.817"/>
  <testcase classname="TestCases.HomePageTestCase" name="verifyOrderPageLinkTest" time="0.806"/>
  <testcase classname="TestCases.HomePageTestCase" name="verifyViewUpdateRequestOrderPageLinkTest" time="1.128"/>
  <testcase classname="TestCases.HomePageTestCase" name="verifyViewUpdateOldRequestOrderPageLinkTest" time="3.498"/>
  <testcase classname="TestCases.HomePageTestCase" name="verifyViewUpdateDeliveryPageLinkTest" time="5.331"/>
</testsuite>